Executing tasks: [:app:assembleDebug] in project /Users/jbc-zeph21/Documents/jbc-zeph-23/Archon_Vision/ptz-camera-controller

Reusing configuration cache.
> Task :app:preBuild UP-TO-DATE
> Task :app:preDebugBuild UP-TO-DATE
> Task :app:checkKotlinGradlePluginConfigurationErrors
> Task :app:mergeDebugNativeDebugMetadata NO-SOURCE
> Task :app:generateDebugResValues UP-TO-DATE
> Task :app:generateDebugBuildConfig UP-TO-DATE
> Task :app:createDebugCompatibleScreenManifests UP-TO-DATE
> Task :app:extractDeepLinksDebug UP-TO-DATE
> Task :app:mergeDebugShaders UP-TO-DATE
> Task :app:checkDebugAarMetadata UP-TO-DATE
> Task :app:compileDebugShaders NO-SOURCE
> Task :app:generateDebugAssets UP-TO-DATE
> Task :app:javaPreCompileDebug UP-TO-DATE
> Task :app:desugarDebugFileDependencies UP-TO-DATE
> Task :app:validateSigningDebug UP-TO-DATE
> Task :app:writeDebugAppMetadata UP-TO-DATE
> Task :app:writeDebugSigningConfigVersions UP-TO-DATE
> Task :app:dataBindingMergeDependencyArtifactsDebug UP-TO-DATE
> Task :app:checkDebugDuplicateClasses UP-TO-DATE
> Task :app:mergeLibDexDebug UP-TO-DATE
> Task :app:mergeExtDexDebug UP-TO-DATE
> Task :app:processDebugMainManifest FAILED
> Task :app:generateDebugResources UP-TO-DATE
> Task :app:mergeDebugAssets UP-TO-DATE
> Task :app:mapDebugSourceSetPaths UP-TO-DATE
> Task :app:mergeDebugJniLibFolders UP-TO-DATE
> Task :app:compressDebugAssets UP-TO-DATE
> Task :app:mergeDebugNativeLibs UP-TO-DATE
> Task :app:stripDebugDebugSymbols UP-TO-DATE
> Task :app:packageDebugResources UP-TO-DATE
> Task :app:parseDebugLocalResources UP-TO-DATE
> Task :app:mergeDebugResources UP-TO-DATE
> Task :app:dataBindingGenBaseClassesDebug

FAILURE: Build failed with an exception.

* What went wrong:
Execution failed for task ':app:processDebugMainManifest'.
> com.android.manifmerger.ManifestMerger2$MergeFailureException: Error parsing /Users/jbc-zeph21/Documents/jbc-zeph-23/Archon_Vision/ptz-camera-controller/app/src/main/AndroidManifest.xml

* Try:
> Run with --stacktrace option to get the stack trace.
> Run with --info or --debug option to get more log output.
> Run with --scan to get full insights.
> Get more help at https://help.gradle.org.

BUILD FAILED in 234ms
28 actionable tasks: 3 executed, 25 up-to-date
Configuration cache entry reused.
